e:\github\ai-prototype-project\game307_studenttemplate\game307_studenttemplate\debug\vc143.pdb
e:\github\ai-prototype-project\game307_studenttemplate\game307_studenttemplate\debug\vc143.idb
e:\github\ai-prototype-project\game307_studenttemplate\game307_studenttemplate\debug\steeringoutput.obj
e:\github\ai-prototype-project\game307_studenttemplate\game307_studenttemplate\debug\kinematicbody.obj
e:\github\ai-prototype-project\game307_studenttemplate\game307_studenttemplate\debug\steeringbehaviour.obj
e:\github\ai-prototype-project\game307_studenttemplate\game307_studenttemplate\debug\staticbody.obj
e:\github\ai-prototype-project\game307_studenttemplate\game307_studenttemplate\debug\seek.obj
e:\github\ai-prototype-project\game307_studenttemplate\game307_studenttemplate\debug\scene2.obj
e:\github\ai-prototype-project\game307_studenttemplate\game307_studenttemplate\debug\scene1.obj
e:\github\ai-prototype-project\game307_studenttemplate\game307_studenttemplate\debug\playerbody.obj
e:\github\ai-prototype-project\game307_studenttemplate\game307_studenttemplate\debug\nodeandpriority.obj
e:\github\ai-prototype-project\game307_studenttemplate\game307_studenttemplate\debug\node.obj
e:\github\ai-prototype-project\game307_studenttemplate\game307_studenttemplate\debug\mmath.obj
e:\github\ai-prototype-project\game307_studenttemplate\game307_studenttemplate\debug\main.obj
e:\github\ai-prototype-project\game307_studenttemplate\game307_studenttemplate\debug\kinematicwander.obj
e:\github\ai-prototype-project\game307_studenttemplate\game307_studenttemplate\debug\kinematicsteeringoutput.obj
e:\github\ai-prototype-project\game307_studenttemplate\game307_studenttemplate\debug\kinematicseek.obj
e:\github\ai-prototype-project\game307_studenttemplate\game307_studenttemplate\debug\kinematicarrive.obj
e:\github\ai-prototype-project\game307_studenttemplate\game307_studenttemplate\debug\graph.obj
e:\github\ai-prototype-project\game307_studenttemplate\game307_studenttemplate\debug\gamemanager.obj
e:\github\ai-prototype-project\game307_studenttemplate\game307_studenttemplate\debug\character.obj
e:\github\ai-prototype-project\game307_studenttemplate\game307_studenttemplate\debug\body.obj
e:\github\ai-prototype-project\game307_studenttemplate\game307_studenttemplate\debug\window.obj
e:\github\ai-prototype-project\game307_studenttemplate\game307_studenttemplate\debug\vmath.obj
e:\github\ai-prototype-project\game307_studenttemplate\game307_studenttemplate\debug\timer.obj
e:\github\ai-prototype-project\game307_studenttemplate\game307_studenttemplate\debug\tile.obj
e:\github\ai-prototype-project\game307_studenttemplate\debug\game307_studenttemplate.exe
e:\github\ai-prototype-project\game307_studenttemplate\game307_studenttemplate\debug\game307_studenttemplate.ilk
e:\github\ai-prototype-project\game307_studenttemplate\debug\game307_studenttemplate.pdb
e:\github\ai-prototype-project\game307_studenttemplate\game307_studenttemplate\debug\game307_.43aaaf36.tlog\cl.command.1.tlog
e:\github\ai-prototype-project\game307_studenttemplate\game307_studenttemplate\debug\game307_.43aaaf36.tlog\cl.read.1.tlog
e:\github\ai-prototype-project\game307_studenttemplate\game307_studenttemplate\debug\game307_.43aaaf36.tlog\cl.write.1.tlog
e:\github\ai-prototype-project\game307_studenttemplate\game307_studenttemplate\debug\game307_.43aaaf36.tlog\link.command.1.tlog
e:\github\ai-prototype-project\game307_studenttemplate\game307_studenttemplate\debug\game307_.43aaaf36.tlog\link.read.1.tlog
e:\github\ai-prototype-project\game307_studenttemplate\game307_studenttemplate\debug\game307_.43aaaf36.tlog\link.write.1.tlog
