  Body.cpp
  Character.cpp
E:\GitHub\AI-Prototype-Project\GAME307_StudentTemplate\GAME307_StudentTemplate\Character.cpp(10,21): warning C4305: 'initializing': truncation from 'double' to 'float'
E:\GitHub\AI-Prototype-Project\GAME307_StudentTemplate\GAME307_StudentTemplate\Character.cpp(82,20): warning C4244: 'initializing': conversion from 'double' to 'float', possible loss of data
  GameManager.cpp
  KinematicArrive.cpp
  KinematicSeek.cpp
  KinematicSteeringOutput.cpp
  Main.cpp
  MMath.cpp
  PlayerBody.cpp
  Scene1.cpp
  StaticBody.cpp
  KinematicBody.cpp
  SteeringOutput.cpp
  Timer.cpp
  VMath.cpp
  Window.cpp
  Generating Code...
  GAME307_StudentTemplate.vcxproj -> E:\GitHub\AI-Prototype-Project\GAME307_StudentTemplate\Debug\GAME307_StudentTemplate.exe
