c:\users\harrisg\documents\teaching\projectsongithub\2022\game307\game307_studenttemplate\game307_studenttemplate\x64\debug\vc143.pdb
c:\users\harrisg\documents\teaching\projectsongithub\2022\game307\game307_studenttemplate\game307_studenttemplate\x64\debug\vc143.idb
c:\users\harrisg\documents\teaching\projectsongithub\2022\game307\game307_studenttemplate\game307_studenttemplate\x64\debug\window.obj
c:\users\harrisg\documents\teaching\projectsongithub\2022\game307\game307_studenttemplate\game307_studenttemplate\x64\debug\vmath.obj
c:\users\harrisg\documents\teaching\projectsongithub\2022\game307\game307_studenttemplate\game307_studenttemplate\x64\debug\timer.obj
c:\users\harrisg\documents\teaching\projectsongithub\2022\game307\game307_studenttemplate\game307_studenttemplate\x64\debug\scene1.obj
c:\users\harrisg\documents\teaching\projectsongithub\2022\game307\game307_studenttemplate\game307_studenttemplate\x64\debug\playerbody.obj
c:\users\harrisg\documents\teaching\projectsongithub\2022\game307\game307_studenttemplate\game307_studenttemplate\x64\debug\mmath.obj
c:\users\harrisg\documents\teaching\projectsongithub\2022\game307\game307_studenttemplate\game307_studenttemplate\x64\debug\main.obj
c:\users\harrisg\documents\teaching\projectsongithub\2022\game307\game307_studenttemplate\game307_studenttemplate\x64\debug\gamemanager.obj
c:\users\harrisg\documents\teaching\projectsongithub\2022\game307\game307_studenttemplate\game307_studenttemplate\x64\debug\body.obj
c:\users\harrisg\documents\teaching\projectsongithub\2022\game307\game307_studenttemplate\x64\debug\game307_studenttemplate.pdb
c:\users\harrisg\documents\teaching\projectsongithub\2022\game307\game307_studenttemplate\game307_studenttemplate\x64\debug\game307_.43aaaf36.tlog\cl.command.1.tlog
c:\users\harrisg\documents\teaching\projectsongithub\2022\game307\game307_studenttemplate\game307_studenttemplate\x64\debug\game307_.43aaaf36.tlog\cl.read.1.tlog
c:\users\harrisg\documents\teaching\projectsongithub\2022\game307\game307_studenttemplate\game307_studenttemplate\x64\debug\game307_.43aaaf36.tlog\cl.write.1.tlog
c:\users\harrisg\documents\teaching\projectsongithub\2022\game307\game307_studenttemplate\game307_studenttemplate\x64\debug\game307_.43aaaf36.tlog\link-cvtres.read.1.tlog
c:\users\harrisg\documents\teaching\projectsongithub\2022\game307\game307_studenttemplate\game307_studenttemplate\x64\debug\game307_.43aaaf36.tlog\link-cvtres.write.1.tlog
c:\users\harrisg\documents\teaching\projectsongithub\2022\game307\game307_studenttemplate\game307_studenttemplate\x64\debug\game307_.43aaaf36.tlog\link-rc.read.1.tlog
c:\users\harrisg\documents\teaching\projectsongithub\2022\game307\game307_studenttemplate\game307_studenttemplate\x64\debug\game307_.43aaaf36.tlog\link-rc.write.1.tlog
c:\users\harrisg\documents\teaching\projectsongithub\2022\game307\game307_studenttemplate\game307_studenttemplate\x64\debug\game307_.43aaaf36.tlog\link.command.1.tlog
c:\users\harrisg\documents\teaching\projectsongithub\2022\game307\game307_studenttemplate\game307_studenttemplate\x64\debug\game307_.43aaaf36.tlog\link.read.1.tlog
c:\users\harrisg\documents\teaching\projectsongithub\2022\game307\game307_studenttemplate\game307_studenttemplate\x64\debug\game307_.43aaaf36.tlog\link.read.2.tlog
c:\users\harrisg\documents\teaching\projectsongithub\2022\game307\game307_studenttemplate\game307_studenttemplate\x64\debug\game307_.43aaaf36.tlog\link.write.1.tlog
